<?xml version="1.0" encoding="UTF-8"?>
<!-- Generated by org.testng.reporters.JUnitReportReporter -->
<testsuite hostname="LAPTOP-URBL5M10" failures="0" tests="1" name="lecturesForAnnotations.HamidtestCase" time="4.461" errors="0" timestamp="2023-10-24T22:22:36 EDT" skipped="0">
  <testcase classname="lecturesForAnnotations.HamidtestCase" name="verifyTitleHamid" time="4.461"/>
  <system-out/>
</testsuite> <!-- lecturesForAnnotations.HamidtestCase -->
