<?xml version="1.0" encoding="UTF-8"?>
<!-- Generated by org.testng.reporters.JUnitReportReporter -->
<testsuite hostname="LAPTOP-URBL5M10" failures="0" tests="1" name="lecturesForAnnotations.WindowsHandlePrac" time="3.904" errors="0" timestamp="2023-10-25T22:30:05 EDT" skipped="0">
  <testcase classname="lecturesForAnnotations.WindowsHandlePrac" name="loginInstaGram" time="3.904"/>
  <system-out/>
</testsuite> <!-- lecturesForAnnotations.WindowsHandlePrac -->
